# JRE version: Java(TM) SE Runtime Environment (18.0.1.1+2) (build 18.0.1.1+2-6)
# Java VM: Java HotSpot(TM) 64-Bit Server VM (18.0.1.1+2-6, mixed mode, sharing, tiered, compressed oops, compressed class ptrs, g1 gc, windows-amd64)
GC Precious Log:
 CardTable entry size: 512
 Card Set container configuration: InlinePtr #cards 4 size 8 Array Of Cards #cards 16 size 48 Howl #buckets 8 coarsen threshold 3686 Howl Bitmap #cards 512 size 80 coarsen threshold 460 Card regions per heap region 1 cards per card region 4096
 CPUs: 8 total, 8 available
 Memory: 16198M
 Large Page Support: Disabled
 NUMA Support: Disabled
 Compressed Oops: Enabled (Zero based)
 Heap Region Size: 2M
 Heap Min Capacity: 8M
 Heap Initial Capacity: 254M
 Heap Max Capacity: 4050M
 Pre-touch: Disabled
 Parallel Workers: 8
 Concurrent Workers: 2
 Concurrent Refinement Workers: 8
 Periodic GC: Disabled
Heap:
 garbage-first heap   total 90112K, used 55140K [0x0000000702e00000, 0x0000000800000000)
  region size 2048K, 14 young (28672K), 2 survivors (4096K)
 Metaspace       used 62345K, committed 62976K, reserved 1114112K
  class space    used 7577K, committed 7872K, reserved 1048576K
GC Heap History (20 events):
Event: 1301.807 GC heap before
{Heap before GC invocations=32 (full 8):
 garbage-first heap   total 90112K, used 37944K [0x0000000702e00000, 0x0000000800000000)
  region size 2048K, 6 young (12288K), 2 survivors (4096K)
 Metaspace       used 60945K, committed 61568K, reserved 1114112K
  class space    used 7482K, committed 7744K, reserved 1048576K
}
Event: 1301.862 GC heap after
{Heap after GC invocations=33 (full 9):
 garbage-first heap   total 90112K, used 28437K [0x0000000702e00000, 0x0000000800000000)
  region size 2048K, 0 young (0K), 0 survivors (0K)
 Metaspace       used 60943K, committed 61568K, reserved 1114112K
  class space    used 7481K, committed 7744K, reserved 1048576K
}
Event: 1302.386 GC heap before
{Heap before GC invocations=33 (full 9):
 garbage-first heap   total 90112K, used 67349K [0x0000000702e00000, 0x0000000800000000)
  region size 2048K, 20 young (40960K), 0 survivors (0K)
 Metaspace       used 61156K, committed 61696K, reserved 1114112K
  class space    used 7500K, committed 7744K, reserved 1048576K
}
Event: 1302.389 GC heap after
{Heap after GC invocations=34 (full 9):
 garbage-first heap   total 90112K, used 31390K [0x0000000702e00000, 0x0000000800000000)
  region size 2048K, 2 young (4096K), 2 survivors (4096K)
 Metaspace       used 61156K, committed 61696K, reserved 1114112K
  class space    used 7500K, committed 7744K, reserved 1048576K
}
Event: 1423.213 GC heap before
{Heap before GC invocations=34 (full 9):
 garbage-first heap   total 90112K, used 68254K [0x0000000702e00000, 0x0000000800000000)
  region size 2048K, 20 young (40960K), 2 survivors (4096K)
 Metaspace       used 61382K, committed 61952K, reserved 1114112K
  class space    used 7514K, committed 7808K, reserved 1048576K
}
Event: 1423.216 GC heap after
{Heap after GC invocations=35 (full 9):
 garbage-first heap   total 90112K, used 32511K [0x0000000702e00000, 0x0000000800000000)
  region size 2048K, 2 young (4096K), 2 survivors (4096K)
 Metaspace       used 61382K, committed 61952K, reserved 1114112K
  class space    used 7514K, committed 7808K, reserved 1048576K
}
Event: 1711.812 GC heap before
{Heap before GC invocations=35 (full 9):
 garbage-first heap   total 90112K, used 69375K [0x0000000702e00000, 0x0000000800000000)
  region size 2048K, 20 young (40960K), 2 survivors (4096K)
 Metaspace       used 61394K, committed 62016K, reserved 1114112K
  class space    used 7514K, committed 7808K, reserved 1048576K
}
Event: 1711.815 GC heap after
{Heap after GC invocations=36 (full 9):
 garbage-first heap   total 90112K, used 32552K [0x0000000702e00000, 0x0000000800000000)
  region size 2048K, 1 young (2048K), 1 survivors (2048K)
 Metaspace       used 61394K, committed 62016K, reserved 1114112K
  class space    used 7514K, committed 7808K, reserved 1048576K
}
Event: 1758.592 GC heap before
{Heap before GC invocations=36 (full 9):
 garbage-first heap   total 90112K, used 38696K [0x0000000702e00000, 0x0000000800000000)
  region size 2048K, 5 young (10240K), 1 survivors (2048K)
 Metaspace       used 61402K, committed 62016K, reserved 1114112K
  class space    used 7514K, committed 7808K, reserved 1048576K
}
Event: 1758.645 GC heap after
{Heap after GC invocations=37 (full 10):
 garbage-first heap   total 90112K, used 28830K [0x0000000702e00000, 0x0000000800000000)
  region size 2048K, 0 young (0K), 0 survivors (0K)
 Metaspace       used 61400K, committed 62016K, reserved 1114112K
  class space    used 7514K, committed 7808K, reserved 1048576K
}
Event: 1759.160 GC heap before
{Heap before GC invocations=37 (full 10):
 garbage-first heap   total 90112K, used 67742K [0x0000000702e00000, 0x0000000800000000)
  region size 2048K, 20 young (40960K), 0 survivors (0K)
 Metaspace       used 61608K, committed 62144K, reserved 1114112K
  class space    used 7532K, committed 7808K, reserved 1048576K
}
Event: 1759.162 GC heap after
{Heap after GC invocations=38 (full 10):
 garbage-first heap   total 90112K, used 31612K [0x0000000702e00000, 0x0000000800000000)
  region size 2048K, 2 young (4096K), 2 survivors (4096K)
 Metaspace       used 61608K, committed 62144K, reserved 1114112K
  class space    used 7532K, committed 7808K, reserved 1048576K
}
Event: 1882.021 GC heap before
{Heap before GC invocations=38 (full 10):
 garbage-first heap   total 90112K, used 68476K [0x0000000702e00000, 0x0000000800000000)
  region size 2048K, 20 young (40960K), 2 survivors (4096K)
 Metaspace       used 61822K, committed 62400K, reserved 1114112K
  class space    used 7544K, committed 7808K, reserved 1048576K
}
Event: 1882.024 GC heap after
{Heap after GC invocations=39 (full 10):
 garbage-first heap   total 90112K, used 32597K [0x0000000702e00000, 0x0000000800000000)
  region size 2048K, 2 young (4096K), 2 survivors (4096K)
 Metaspace       used 61822K, committed 62400K, reserved 1114112K
  class space    used 7544K, committed 7808K, reserved 1048576K
}
Event: 1998.116 GC heap before
{Heap before GC invocations=39 (full 10):
 garbage-first heap   total 90112K, used 46933K [0x0000000702e00000, 0x0000000800000000)
  region size 2048K, 10 young (20480K), 2 survivors (4096K)
 Metaspace       used 61842K, committed 62464K, reserved 1114112K
  class space    used 7545K, committed 7808K, reserved 1048576K
}
Event: 1998.169 GC heap after
{Heap after GC invocations=40 (full 11):
 garbage-first heap   total 90112K, used 28773K [0x0000000702e00000, 0x0000000800000000)
  region size 2048K, 0 young (0K), 0 survivors (0K)
 Metaspace       used 61840K, committed 62464K, reserved 1114112K
  class space    used 7544K, committed 7808K, reserved 1048576K
}
Event: 1998.719 GC heap before
{Heap before GC invocations=40 (full 11):
 garbage-first heap   total 90112K, used 65637K [0x0000000702e00000, 0x0000000800000000)
  region size 2048K, 19 young (38912K), 0 survivors (0K)
 Metaspace       used 62036K, committed 62656K, reserved 1114112K
  class space    used 7561K, committed 7872K, reserved 1048576K
}
Event: 1998.723 GC heap after
{Heap after GC invocations=41 (full 11):
 garbage-first heap   total 90112K, used 31703K [0x0000000702e00000, 0x0000000800000000)
  region size 2048K, 2 young (4096K), 2 survivors (4096K)
 Metaspace       used 62036K, committed 62656K, reserved 1114112K
  class space    used 7561K, committed 7872K, reserved 1048576K
}
Event: 2107.846 GC heap before
{Heap before GC invocations=41 (full 11):
 garbage-first heap   total 90112K, used 68567K [0x0000000702e00000, 0x0000000800000000)
  region size 2048K, 20 young (40960K), 2 survivors (4096K)
 Metaspace       used 62344K, committed 62976K, reserved 1114112K
  class space    used 7577K, committed 7872K, reserved 1048576K
}
Event: 2107.849 GC heap after
{Heap after GC invocations=42 (full 11):
 garbage-first heap   total 90112K, used 32612K [0x0000000702e00000, 0x0000000800000000)
  region size 2048K, 2 young (4096K), 2 survivors (4096K)
 Metaspace       used 62344K, committed 62976K, reserved 1114112K
  class space    used 7577K, committed 7872K, reserved 1048576K
}

